==2788== Memcheck, a memory error detector
==2788== Copyright (C) 2002-2017, and GNU GPL'd, by Julian Seward et al.
==2788== Using Valgrind-3.13.0 and LibVEX; rerun with -h for copyright info
==2788== Command: ./simplesh
==2788== 
--2788-- Valgrind options:
--2788--    --leak-check=full
--2788--    --show-leak-kinds=all
--2788--    --suppressions=libreadline.supp
--2788--    --trace-children=no
--2788--    --child-silent-after-fork=yes
--2788--    -v
--2788-- Contents of /proc/version:
--2788--   Linux version 4.15.0-64-generic (buildd@lgw01-amd64-038) (gcc version 7.4.0 (Ubuntu 7.4.0-1ubuntu1~18.04.1)) #73-Ubuntu SMP Thu Sep 12 13:16:13 UTC 2019
--2788-- 
--2788-- Arch and hwcaps: AMD64, LittleEndian, amd64-cx16-lzcnt-rdtscp-sse3-avx-avx2-bmi
--2788-- Page sizes: currently 4096, max supported 4096
--2788-- Valgrind library directory: /usr/lib/valgrind
--2788-- Reading syms from /home/gsus/Universidad 2019/ASO/simplesh_json_v2/simplesh/simplesh
--2788-- Reading syms from /lib/x86_64-linux-gnu/ld-2.27.so
--2788--   Considering /lib/x86_64-linux-gnu/ld-2.27.so ..
--2788--   .. CRC mismatch (computed 1b7c895e wanted 2943108a)
--2788--   Considering /usr/lib/debug/lib/x86_64-linux-gnu/ld-2.27.so ..
--2788--   .. CRC is valid
--2788-- Reading syms from /usr/lib/valgrind/memcheck-amd64-linux
--2788--   Considering /usr/lib/valgrind/memcheck-amd64-linux ..
--2788--   .. CRC mismatch (computed c25f395c wanted 0a9602a8)
--2788--    object doesn't have a symbol table
--2788--    object doesn't have a dynamic symbol table
--2788-- Scheduler: using generic scheduler lock implementation.
--2788-- Reading suppressions file: libreadline.supp
--2788-- Reading suppressions file: /usr/lib/valgrind/default.supp
==2788== embedded gdbserver: reading from /tmp/vgdb-pipe-from-vgdb-to-2788-by-gsus-on-???
==2788== embedded gdbserver: writing to   /tmp/vgdb-pipe-to-vgdb-from-2788-by-gsus-on-???
==2788== embedded gdbserver: shared mem   /tmp/vgdb-pipe-shared-mem-vgdb-2788-by-gsus-on-???
==2788== 
==2788== TO CONTROL THIS PROCESS USING vgdb (which you probably
==2788== don't want to do, unless you know exactly what you're doing,
==2788== or are doing some strange experiment):
==2788==   /usr/lib/valgrind/../../bin/vgdb --pid=2788 ...command...
==2788== 
==2788== TO DEBUG THIS PROCESS USING GDB: start GDB like this
==2788==   /path/to/gdb ./simplesh
==2788== and then give GDB the following command
==2788==   target remote | /usr/lib/valgrind/../../bin/vgdb --pid=2788
==2788== --pid is optional if only one valgrind process is running
==2788== 
--2788-- REDIR: 0x401f2f0 (ld-linux-x86-64.so.2:strlen) redirected to 0x58060901 (???)
--2788-- REDIR: 0x401f0d0 (ld-linux-x86-64.so.2:index) redirected to 0x5806091b (???)
--2788-- Reading syms from /usr/lib/valgrind/vgpreload_core-amd64-linux.so
--2788--   Considering /usr/lib/valgrind/vgpreload_core-amd64-linux.so ..
--2788--   .. CRC mismatch (computed 4b63d83e wanted 670599e6)
--2788--    object doesn't have a symbol table
--2788-- Reading syms from /usr/lib/valgrind/vgpreload_memcheck-amd64-linux.so
--2788--   Considering /usr/lib/valgrind/vgpreload_memcheck-amd64-linux.so ..
--2788--   .. CRC mismatch (computed a4b37bee wanted 8ad4dc94)
--2788--    object doesn't have a symbol table
==2788== WARNING: new redirection conflicts with existing -- ignoring it
--2788--     old: 0x0401f2f0 (strlen              ) R-> (0000.0) 0x58060901 ???
--2788--     new: 0x0401f2f0 (strlen              ) R-> (2007.0) 0x04c32db0 strlen
--2788-- REDIR: 0x401d360 (ld-linux-x86-64.so.2:strcmp) redirected to 0x4c33ee0 (strcmp)
--2788-- REDIR: 0x401f830 (ld-linux-x86-64.so.2:mempcpy) redirected to 0x4c374f0 (mempcpy)
--2788-- Reading syms from /lib/x86_64-linux-gnu/libreadline.so.7.0
--2788--    object doesn't have a symbol table
--2788-- Reading syms from /lib/x86_64-linux-gnu/libc-2.27.so
--2788--   Considering /lib/x86_64-linux-gnu/libc-2.27.so ..
--2788--   .. CRC mismatch (computed b1c74187 wanted 042cc048)
--2788--   Considering /usr/lib/debug/lib/x86_64-linux-gnu/libc-2.27.so ..
--2788--   .. CRC is valid
--2788-- Reading syms from /lib/x86_64-linux-gnu/libtinfo.so.5.9
--2788--    object doesn't have a symbol table
--2788-- REDIR: 0x5123c70 (libc.so.6:memmove) redirected to 0x4a2a6e0 (_vgnU_ifunc_wrapper)
--2788-- REDIR: 0x5122d40 (libc.so.6:strncpy) redirected to 0x4a2a6e0 (_vgnU_ifunc_wrapper)
--2788-- REDIR: 0x5123f50 (libc.so.6:strcasecmp) redirected to 0x4a2a6e0 (_vgnU_ifunc_wrapper)
--2788-- REDIR: 0x5122790 (libc.so.6:strcat) redirected to 0x4a2a6e0 (_vgnU_ifunc_wrapper)
--2788-- REDIR: 0x5122d70 (libc.so.6:rindex) redirected to 0x4a2a6e0 (_vgnU_ifunc_wrapper)
--2788-- REDIR: 0x51257c0 (libc.so.6:rawmemchr) redirected to 0x4a2a6e0 (_vgnU_ifunc_wrapper)
--2788-- REDIR: 0x5123de0 (libc.so.6:mempcpy) redirected to 0x4a2a6e0 (_vgnU_ifunc_wrapper)
--2788-- REDIR: 0x5123c10 (libc.so.6:bcmp) redirected to 0x4a2a6e0 (_vgnU_ifunc_wrapper)
--2788-- REDIR: 0x5122d00 (libc.so.6:strncmp) redirected to 0x4a2a6e0 (_vgnU_ifunc_wrapper)
--2788-- REDIR: 0x5122800 (libc.so.6:strcmp) redirected to 0x4a2a6e0 (_vgnU_ifunc_wrapper)
--2788-- REDIR: 0x5123d40 (libc.so.6:memset) redirected to 0x4a2a6e0 (_vgnU_ifunc_wrapper)
--2788-- REDIR: 0x51410f0 (libc.so.6:wcschr) redirected to 0x4a2a6e0 (_vgnU_ifunc_wrapper)
--2788-- REDIR: 0x5122ca0 (libc.so.6:strnlen) redirected to 0x4a2a6e0 (_vgnU_ifunc_wrapper)
--2788-- REDIR: 0x5122870 (libc.so.6:strcspn) redirected to 0x4a2a6e0 (_vgnU_ifunc_wrapper)
--2788-- REDIR: 0x5123fa0 (libc.so.6:strncasecmp) redirected to 0x4a2a6e0 (_vgnU_ifunc_wrapper)
--2788-- REDIR: 0x5122840 (libc.so.6:strcpy) redirected to 0x4a2a6e0 (_vgnU_ifunc_wrapper)
--2788-- REDIR: 0x51240e0 (libc.so.6:memcpy@@GLIBC_2.14) redirected to 0x4a2a6e0 (_vgnU_ifunc_wrapper)
--2788-- REDIR: 0x5122da0 (libc.so.6:strpbrk) redirected to 0x4a2a6e0 (_vgnU_ifunc_wrapper)
--2788-- REDIR: 0x51227c0 (libc.so.6:index) redirected to 0x4a2a6e0 (_vgnU_ifunc_wrapper)
--2788-- REDIR: 0x5122c70 (libc.so.6:strlen) redirected to 0x4a2a6e0 (_vgnU_ifunc_wrapper)
--2788-- REDIR: 0x512d6c0 (libc.so.6:memrchr) redirected to 0x4a2a6e0 (_vgnU_ifunc_wrapper)
--2788-- REDIR: 0x5123ff0 (libc.so.6:strcasecmp_l) redirected to 0x4a2a6e0 (_vgnU_ifunc_wrapper)
--2788-- REDIR: 0x5123be0 (libc.so.6:memchr) redirected to 0x4a2a6e0 (_vgnU_ifunc_wrapper)
--2788-- REDIR: 0x5141eb0 (libc.so.6:wcslen) redirected to 0x4a2a6e0 (_vgnU_ifunc_wrapper)
--2788-- REDIR: 0x5123050 (libc.so.6:strspn) redirected to 0x4a2a6e0 (_vgnU_ifunc_wrapper)
--2788-- REDIR: 0x5123f20 (libc.so.6:stpncpy) redirected to 0x4a2a6e0 (_vgnU_ifunc_wrapper)
--2788-- REDIR: 0x5123ef0 (libc.so.6:stpcpy) redirected to 0x4a2a6e0 (_vgnU_ifunc_wrapper)
--2788-- REDIR: 0x51257f0 (libc.so.6:strchrnul) redirected to 0x4a2a6e0 (_vgnU_ifunc_wrapper)
--2788-- REDIR: 0x5124040 (libc.so.6:strncasecmp_l) redirected to 0x4a2a6e0 (_vgnU_ifunc_wrapper)
--2788-- REDIR: 0x5122cd0 (libc.so.6:strncat) redirected to 0x4a2a6e0 (_vgnU_ifunc_wrapper)
--2788-- REDIR: 0x51b68a0 (libc.so.6:__memcpy_chk) redirected to 0x4a2a6e0 (_vgnU_ifunc_wrapper)
--2788-- REDIR: 0x5123b20 (libc.so.6:strstr) redirected to 0x4a2a6e0 (_vgnU_ifunc_wrapper)
--2788-- REDIR: 0x52133c0 (libc.so.6:__strrchr_avx2) redirected to 0x4c32730 (rindex)
--2788-- REDIR: 0x50c7cb0 (libc.so.6:unsetenv) redirected to 0x4c37d40 (unsetenv)
--2788-- REDIR: 0x5212fa0 (libc.so.6:__strchr_avx2) redirected to 0x4c32950 (index)
--2788-- REDIR: 0x5213590 (libc.so.6:__strlen_avx2) redirected to 0x4c32cf0 (strlen)
--2788-- REDIR: 0x520a510 (libc.so.6:__strncmp_sse42) redirected to 0x4c33570 (__strncmp_sse42)
--2788-- REDIR: 0x511c070 (libc.so.6:malloc) redirected to 0x4c2faa0 (malloc)
--2788-- REDIR: 0x5123590 (libc.so.6:__GI_strstr) redirected to 0x4c37760 (__strstr_sse2)
--2788-- REDIR: 0x520f420 (libc.so.6:__memchr_avx2) redirected to 0x4c33f80 (memchr)
--2788-- REDIR: 0x5213ad0 (libc.so.6:__memcpy_avx_unaligned_erms) redirected to 0x4c366e0 (memmove)
--2788-- REDIR: 0x52131d0 (libc.so.6:__strchrnul_avx2) redirected to 0x4c37020 (strchrnul)
--2788-- REDIR: 0x5213ab0 (libc.so.6:__mempcpy_avx_unaligned_erms) redirected to 0x4c37130 (mempcpy)
--2788-- REDIR: 0x52115f0 (libc.so.6:__strncasecmp_avx) redirected to 0x4c336d0 (strncasecmp)
--2788-- REDIR: 0x511c950 (libc.so.6:free) redirected to 0x4c30cd0 (free)
--2788-- REDIR: 0x51eed60 (libc.so.6:__strcmp_ssse3) redirected to 0x4c33da0 (strcmp)
--2788-- REDIR: 0x5204c80 (libc.so.6:__stpcpy_ssse3) redirected to 0x4c35f60 (stpcpy)
--2788-- REDIR: 0x511f030 (libc.so.6:calloc) redirected to 0x4c31a70 (calloc)
--2788-- Reading syms from /lib/x86_64-linux-gnu/libnss_compat-2.27.so
--2788--   Considering /lib/x86_64-linux-gnu/libnss_compat-2.27.so ..
--2788--   .. CRC mismatch (computed afe25112 wanted 3a92b55b)
--2788--   Considering /usr/lib/debug/lib/x86_64-linux-gnu/libnss_compat-2.27.so ..
--2788--   .. CRC is valid
--2788-- REDIR: 0x5200950 (libc.so.6:__strcpy_ssse3) redirected to 0x4c32dd0 (strcpy)
--2788-- Reading syms from /lib/x86_64-linux-gnu/libnss_nis-2.27.so
--2788--   Considering /lib/x86_64-linux-gnu/libnss_nis-2.27.so ..
--2788--   .. CRC mismatch (computed 310534dc wanted 22d60ee8)
--2788--   Considering /usr/lib/debug/lib/x86_64-linux-gnu/libnss_nis-2.27.so ..
--2788--   .. CRC is valid
--2788-- Reading syms from /lib/x86_64-linux-gnu/libnsl-2.27.so
--2788--   Considering /lib/x86_64-linux-gnu/libnsl-2.27.so ..
--2788--   .. CRC mismatch (computed 5dfb2e24 wanted a9b787f5)
--2788--   Considering /usr/lib/debug/lib/x86_64-linux-gnu/libnsl-2.27.so ..
--2788--   .. CRC is valid
--2788-- Reading syms from /lib/x86_64-linux-gnu/libnss_files-2.27.so
--2788--   Considering /lib/x86_64-linux-gnu/libnss_files-2.27.so ..
--2788--   .. CRC mismatch (computed 5cdb0f74 wanted 1b4e69e7)
--2788--   Considering /usr/lib/debug/lib/x86_64-linux-gnu/libnss_files-2.27.so ..
--2788--   .. CRC is valid
--2788-- REDIR: 0x5213720 (libc.so.6:__strnlen_avx2) redirected to 0x4c32c90 (strnlen)
--2788-- REDIR: 0x5213ac0 (libc.so.6:__memcpy_chk_avx_unaligned_erms) redirected to 0x4c375e0 (__memcpy_chk)
--2788-- REDIR: 0x511dc30 (libc.so.6:realloc) redirected to 0x4c31cb0 (realloc)
--2788-- REDIR: 0x5202100 (libc.so.6:__strncpy_ssse3) redirected to 0x4c32fb0 (strncpy)
--2788-- REDIR: 0x50c7c50 (libc.so.6:setenv) redirected to 0x4c37de0 (setenv)
--2788-- REDIR: 0x520ff80 (libc.so.6:__strcasecmp_avx) redirected to 0x4c335f0 (strcasecmp)
--2788-- REDIR: 0x5213f50 (libc.so.6:__memset_avx2_unaligned_erms) redirected to 0x4c365d0 (memset)
--2788-- REDIR: 0x520fba0 (libc.so.6:__memcmp_avx2_movbe) redirected to 0x4c35e00 (bcmp)
==2788== Invalid free() / delete / delete[] / realloc()
==2788==    at 0x4C30D3B: free (in /usr/lib/valgrind/vgpreload_memcheck-amd64-linux.so)
==2788==    by 0x10B67F: free_cmd (simplesh.c:1095)
==2788==    by 0x10B69C: free_cmd (simplesh.c:1101)
==2788==    by 0x10BADF: main (simplesh.c:1243)
==2788==  Address 0x56cf730 is 0 bytes inside a block of size 272 free'd
==2788==    at 0x4C30D3B: free (in /usr/lib/valgrind/vgpreload_memcheck-amd64-linux.so)
==2788==    by 0x10B796: free_cmd (simplesh.c:1138)
==2788==    by 0x10B66F: free_cmd (simplesh.c:1093)
==2788==    by 0x10B69C: free_cmd (simplesh.c:1101)
==2788==    by 0x10BADF: main (simplesh.c:1243)
==2788==  Block was alloc'd at
==2788==    at 0x4C2FB0F: malloc (in /usr/lib/valgrind/vgpreload_memcheck-amd64-linux.so)
==2788==    by 0x10959F: execcmd (simplesh.c:239)
==2788==    by 0x109DFE: parse_exec (simplesh.c:576)
==2788==    by 0x109CDD: parse_pipe (simplesh.c:538)
==2788==    by 0x109B81: parse_line (simplesh.c:499)
==2788==    by 0x109AD8: parse_cmd (simplesh.c:473)
==2788==    by 0x10BA66: main (simplesh.c:1229)
==2788== 
==2788== Invalid free() / delete / delete[] / realloc()
==2788==    at 0x4C30D3B: free (in /usr/lib/valgrind/vgpreload_memcheck-amd64-linux.so)
==2788==    by 0x10B67F: free_cmd (simplesh.c:1095)
==2788==    by 0x10B69C: free_cmd (simplesh.c:1101)
==2788==    by 0x10B6AC: free_cmd (simplesh.c:1102)
==2788==    by 0x10BADF: main (simplesh.c:1243)
==2788==  Address 0x56cf8f0 is 0 bytes inside a block of size 272 free'd
==2788==    at 0x4C30D3B: free (in /usr/lib/valgrind/vgpreload_memcheck-amd64-linux.so)
==2788==    by 0x10B796: free_cmd (simplesh.c:1138)
==2788==    by 0x10B66F: free_cmd (simplesh.c:1093)
==2788==    by 0x10B69C: free_cmd (simplesh.c:1101)
==2788==    by 0x10B6AC: free_cmd (simplesh.c:1102)
==2788==    by 0x10BADF: main (simplesh.c:1243)
==2788==  Block was alloc'd at
==2788==    at 0x4C2FB0F: malloc (in /usr/lib/valgrind/vgpreload_memcheck-amd64-linux.so)
==2788==    by 0x10959F: execcmd (simplesh.c:239)
==2788==    by 0x109DFE: parse_exec (simplesh.c:576)
==2788==    by 0x109CDD: parse_pipe (simplesh.c:538)
==2788==    by 0x109B81: parse_line (simplesh.c:499)
==2788==    by 0x109C9E: parse_line (simplesh.c:521)
==2788==    by 0x109AD8: parse_cmd (simplesh.c:473)
==2788==    by 0x10BA66: main (simplesh.c:1229)
==2788== 
==2788== Invalid free() / delete / delete[] / realloc()
==2788==    at 0x4C30D3B: free (in /usr/lib/valgrind/vgpreload_memcheck-amd64-linux.so)
==2788==    by 0x10B709: free_cmd (simplesh.c:1114)
==2788==    by 0x10B6AC: free_cmd (simplesh.c:1102)
==2788==    by 0x10B6AC: free_cmd (simplesh.c:1102)
==2788==    by 0x10B6AC: free_cmd (simplesh.c:1102)
==2788==    by 0x10BADF: main (simplesh.c:1243)
==2788==  Address 0x56cfd50 is 0 bytes inside a block of size 272 free'd
==2788==    at 0x4C30D3B: free (in /usr/lib/valgrind/vgpreload_memcheck-amd64-linux.so)
==2788==    by 0x10B796: free_cmd (simplesh.c:1138)
==2788==    by 0x10B6F9: free_cmd (simplesh.c:1112)
==2788==    by 0x10B6AC: free_cmd (simplesh.c:1102)
==2788==    by 0x10B6AC: free_cmd (simplesh.c:1102)
==2788==    by 0x10B6AC: free_cmd (simplesh.c:1102)
==2788==    by 0x10BADF: main (simplesh.c:1243)
==2788==  Block was alloc'd at
==2788==    at 0x4C2FB0F: malloc (in /usr/lib/valgrind/vgpreload_memcheck-amd64-linux.so)
==2788==    by 0x10959F: execcmd (simplesh.c:239)
==2788==    by 0x109DFE: parse_exec (simplesh.c:576)
==2788==    by 0x109CDD: parse_pipe (simplesh.c:538)
==2788==    by 0x109D88: parse_pipe (simplesh.c:550)
==2788==    by 0x109B81: parse_line (simplesh.c:499)
==2788==    by 0x109C9E: parse_line (simplesh.c:521)
==2788==    by 0x109C9E: parse_line (simplesh.c:521)
==2788==    by 0x109C9E: parse_line (simplesh.c:521)
==2788==    by 0x109AD8: parse_cmd (simplesh.c:473)
==2788==    by 0x10BA66: main (simplesh.c:1229)
==2788== 
==2788== Invalid free() / delete / delete[] / realloc()
==2788==    at 0x4C30D3B: free (in /usr/lib/valgrind/vgpreload_memcheck-amd64-linux.so)
==2788==    by 0x10B719: free_cmd (simplesh.c:1115)
==2788==    by 0x10B6AC: free_cmd (simplesh.c:1102)
==2788==    by 0x10B6AC: free_cmd (simplesh.c:1102)
==2788==    by 0x10B6AC: free_cmd (simplesh.c:1102)
==2788==    by 0x10BADF: main (simplesh.c:1243)
==2788==  Address 0x56cfc00 is 0 bytes inside a block of size 272 free'd
==2788==    at 0x4C30D3B: free (in /usr/lib/valgrind/vgpreload_memcheck-amd64-linux.so)
==2788==    by 0x10B796: free_cmd (simplesh.c:1138)
==2788==    by 0x10B6E9: free_cmd (simplesh.c:1111)
==2788==    by 0x10B6AC: free_cmd (simplesh.c:1102)
==2788==    by 0x10B6AC: free_cmd (simplesh.c:1102)
==2788==    by 0x10B6AC: free_cmd (simplesh.c:1102)
==2788==    by 0x10BADF: main (simplesh.c:1243)
==2788==  Block was alloc'd at
==2788==    at 0x4C2FB0F: malloc (in /usr/lib/valgrind/vgpreload_memcheck-amd64-linux.so)
==2788==    by 0x10959F: execcmd (simplesh.c:239)
==2788==    by 0x109DFE: parse_exec (simplesh.c:576)
==2788==    by 0x109CDD: parse_pipe (simplesh.c:538)
==2788==    by 0x109B81: parse_line (simplesh.c:499)
==2788==    by 0x109C9E: parse_line (simplesh.c:521)
==2788==    by 0x109C9E: parse_line (simplesh.c:521)
==2788==    by 0x109C9E: parse_line (simplesh.c:521)
==2788==    by 0x109AD8: parse_cmd (simplesh.c:473)
==2788==    by 0x10BA66: main (simplesh.c:1229)
==2788== 
==2788== Invalid free() / delete / delete[] / realloc()
==2788==    at 0x4C30D3B: free (in /usr/lib/valgrind/vgpreload_memcheck-amd64-linux.so)
==2788==    by 0x10B6BC: free_cmd (simplesh.c:1104)
==2788==    by 0x10B6AC: free_cmd (simplesh.c:1102)
==2788==    by 0x10B6AC: free_cmd (simplesh.c:1102)
==2788==    by 0x10BADF: main (simplesh.c:1243)
==2788==  Address 0x56cfea0 is 0 bytes inside a block of size 24 free'd
==2788==    at 0x4C30D3B: free (in /usr/lib/valgrind/vgpreload_memcheck-amd64-linux.so)
==2788==    by 0x10B796: free_cmd (simplesh.c:1138)
==2788==    by 0x10B6AC: free_cmd (simplesh.c:1102)
==2788==    by 0x10B6AC: free_cmd (simplesh.c:1102)
==2788==    by 0x10B6AC: free_cmd (simplesh.c:1102)
==2788==    by 0x10BADF: main (simplesh.c:1243)
==2788==  Block was alloc'd at
==2788==    at 0x4C2FB0F: malloc (in /usr/lib/valgrind/vgpreload_memcheck-amd64-linux.so)
==2788==    by 0x1096B2: pipecmd (simplesh.c:279)
==2788==    by 0x109D9A: parse_pipe (simplesh.c:550)
==2788==    by 0x109B81: parse_line (simplesh.c:499)
==2788==    by 0x109C9E: parse_line (simplesh.c:521)
==2788==    by 0x109C9E: parse_line (simplesh.c:521)
==2788==    by 0x109C9E: parse_line (simplesh.c:521)
==2788==    by 0x109AD8: parse_cmd (simplesh.c:473)
==2788==    by 0x10BA66: main (simplesh.c:1229)
==2788== 
==2788== Invalid free() / delete / delete[] / realloc()
==2788==    at 0x4C30D3B: free (in /usr/lib/valgrind/vgpreload_memcheck-amd64-linux.so)
==2788==    by 0x10B6CC: free_cmd (simplesh.c:1105)
==2788==    by 0x10B6AC: free_cmd (simplesh.c:1102)
==2788==    by 0x10B6AC: free_cmd (simplesh.c:1102)
==2788==    by 0x10BADF: main (simplesh.c:1243)
==2788==  Address 0x56cfab0 is 0 bytes inside a block of size 272 free'd
==2788==    at 0x4C30D3B: free (in /usr/lib/valgrind/vgpreload_memcheck-amd64-linux.so)
==2788==    by 0x10B796: free_cmd (simplesh.c:1138)
==2788==    by 0x10B69C: free_cmd (simplesh.c:1101)
==2788==    by 0x10B6AC: free_cmd (simplesh.c:1102)
==2788==    by 0x10B6AC: free_cmd (simplesh.c:1102)
==2788==    by 0x10BADF: main (simplesh.c:1243)
==2788==  Block was alloc'd at
==2788==    at 0x4C2FB0F: malloc (in /usr/lib/valgrind/vgpreload_memcheck-amd64-linux.so)
==2788==    by 0x10959F: execcmd (simplesh.c:239)
==2788==    by 0x109DFE: parse_exec (simplesh.c:576)
==2788==    by 0x109CDD: parse_pipe (simplesh.c:538)
==2788==    by 0x109B81: parse_line (simplesh.c:499)
==2788==    by 0x109C9E: parse_line (simplesh.c:521)
==2788==    by 0x109C9E: parse_line (simplesh.c:521)
==2788==    by 0x109AD8: parse_cmd (simplesh.c:473)
==2788==    by 0x10BA66: main (simplesh.c:1229)
==2788== 
==2788== Invalid free() / delete / delete[] / realloc()
==2788==    at 0x4C30D3B: free (in /usr/lib/valgrind/vgpreload_memcheck-amd64-linux.so)
==2788==    by 0x10B6BC: free_cmd (simplesh.c:1104)
==2788==    by 0x10B6AC: free_cmd (simplesh.c:1102)
==2788==    by 0x10BADF: main (simplesh.c:1243)
==2788==  Address 0x56cff00 is 0 bytes inside a block of size 24 free'd
==2788==    at 0x4C30D3B: free (in /usr/lib/valgrind/vgpreload_memcheck-amd64-linux.so)
==2788==    by 0x10B796: free_cmd (simplesh.c:1138)
==2788==    by 0x10B6AC: free_cmd (simplesh.c:1102)
==2788==    by 0x10B6AC: free_cmd (simplesh.c:1102)
==2788==    by 0x10BADF: main (simplesh.c:1243)
==2788==  Block was alloc'd at
==2788==    at 0x4C2FB0F: malloc (in /usr/lib/valgrind/vgpreload_memcheck-amd64-linux.so)
==2788==    by 0x10972B: listcmd (simplesh.c:297)
==2788==    by 0x109CB0: parse_line (simplesh.c:521)
==2788==    by 0x109C9E: parse_line (simplesh.c:521)
==2788==    by 0x109C9E: parse_line (simplesh.c:521)
==2788==    by 0x109AD8: parse_cmd (simplesh.c:473)
==2788==    by 0x10BA66: main (simplesh.c:1229)
==2788== 
==2788== Invalid free() / delete / delete[] / realloc()
==2788==    at 0x4C30D3B: free (in /usr/lib/valgrind/vgpreload_memcheck-amd64-linux.so)
==2788==    by 0x10B6CC: free_cmd (simplesh.c:1105)
==2788==    by 0x10B6AC: free_cmd (simplesh.c:1102)
==2788==    by 0x10BADF: main (simplesh.c:1243)
==2788==  Address 0x56cfa40 is 0 bytes inside a block of size 48 free'd
==2788==    at 0x4C30D3B: free (in /usr/lib/valgrind/vgpreload_memcheck-amd64-linux.so)
==2788==    by 0x10B796: free_cmd (simplesh.c:1138)
==2788==    by 0x10B69C: free_cmd (simplesh.c:1101)
==2788==    by 0x10B6AC: free_cmd (simplesh.c:1102)
==2788==    by 0x10BADF: main (simplesh.c:1243)
==2788==  Block was alloc'd at
==2788==    at 0x4C2FB0F: malloc (in /usr/lib/valgrind/vgpreload_memcheck-amd64-linux.so)
==2788==    by 0x10960F: redrcmd (simplesh.c:257)
==2788==    by 0x10A1D6: parse_redr (simplesh.c:682)
==2788==    by 0x109EE4: parse_exec (simplesh.c:604)
==2788==    by 0x109CDD: parse_pipe (simplesh.c:538)
==2788==    by 0x109B81: parse_line (simplesh.c:499)
==2788==    by 0x109C9E: parse_line (simplesh.c:521)
==2788==    by 0x109AD8: parse_cmd (simplesh.c:473)
==2788==    by 0x10BA66: main (simplesh.c:1229)
==2788== 
==2788== Invalid free() / delete / delete[] / realloc()
==2788==    at 0x4C30D3B: free (in /usr/lib/valgrind/vgpreload_memcheck-amd64-linux.so)
==2788==    by 0x10B6BC: free_cmd (simplesh.c:1104)
==2788==    by 0x10BADF: main (simplesh.c:1243)
==2788==  Address 0x56cff60 is 0 bytes inside a block of size 24 free'd
==2788==    at 0x4C30D3B: free (in /usr/lib/valgrind/vgpreload_memcheck-amd64-linux.so)
==2788==    by 0x10B796: free_cmd (simplesh.c:1138)
==2788==    by 0x10B6AC: free_cmd (simplesh.c:1102)
==2788==    by 0x10BADF: main (simplesh.c:1243)
==2788==  Block was alloc'd at
==2788==    at 0x4C2FB0F: malloc (in /usr/lib/valgrind/vgpreload_memcheck-amd64-linux.so)
==2788==    by 0x10972B: listcmd (simplesh.c:297)
==2788==    by 0x109CB0: parse_line (simplesh.c:521)
==2788==    by 0x109C9E: parse_line (simplesh.c:521)
==2788==    by 0x109AD8: parse_cmd (simplesh.c:473)
==2788==    by 0x10BA66: main (simplesh.c:1229)
==2788== 
==2788== Invalid free() / delete / delete[] / realloc()
==2788==    at 0x4C30D3B: free (in /usr/lib/valgrind/vgpreload_memcheck-amd64-linux.so)
==2788==    by 0x10B6CC: free_cmd (simplesh.c:1105)
==2788==    by 0x10BADF: main (simplesh.c:1243)
==2788==  Address 0x56cf880 is 0 bytes inside a block of size 48 free'd
==2788==    at 0x4C30D3B: free (in /usr/lib/valgrind/vgpreload_memcheck-amd64-linux.so)
==2788==    by 0x10B796: free_cmd (simplesh.c:1138)
==2788==    by 0x10B69C: free_cmd (simplesh.c:1101)
==2788==    by 0x10BADF: main (simplesh.c:1243)
==2788==  Block was alloc'd at
==2788==    at 0x4C2FB0F: malloc (in /usr/lib/valgrind/vgpreload_memcheck-amd64-linux.so)
==2788==    by 0x10960F: redrcmd (simplesh.c:257)
==2788==    by 0x10A1AB: parse_redr (simplesh.c:679)
==2788==    by 0x109EE4: parse_exec (simplesh.c:604)
==2788==    by 0x109CDD: parse_pipe (simplesh.c:538)
==2788==    by 0x109B81: parse_line (simplesh.c:499)
==2788==    by 0x109AD8: parse_cmd (simplesh.c:473)
==2788==    by 0x10BA66: main (simplesh.c:1229)
==2788== 
--2788-- Discarding syms at 0x5aa12a0-0x5aa71c4 in /lib/x86_64-linux-gnu/libnss_compat-2.27.so due to munmap()
--2788-- Discarding syms at 0x5cac070-0x5cb30d9 in /lib/x86_64-linux-gnu/libnss_nis-2.27.so due to munmap()
--2788-- Discarding syms at 0x5eba090-0x5ec7807 in /lib/x86_64-linux-gnu/libnsl-2.27.so due to munmap()
--2788-- Discarding syms at 0x60d2350-0x60d8d7f in /lib/x86_64-linux-gnu/libnss_files-2.27.so due to munmap()
==2788== 
==2788== HEAP SUMMARY:
==2788==     in use at exit: 135,146 bytes in 256 blocks
==2788==   total heap usage: 557 allocs, 311 frees, 187,707 bytes allocated
==2788== 
==2788== Searching for pointers to 256 not-freed blocks
==2788== Checked 170,912 bytes
==2788== 
==2788== LEAK SUMMARY:
==2788==    definitely lost: 0 bytes in 0 blocks
==2788==    indirectly lost: 0 bytes in 0 blocks
==2788==      possibly lost: 0 bytes in 0 blocks
==2788==    still reachable: 0 bytes in 0 blocks
==2788==         suppressed: 135,146 bytes in 256 blocks
==2788== 
==2788== ERROR SUMMARY: 10 errors from 10 contexts (suppressed: 0 from 0)
==2788== 
==2788== 1 errors in context 1 of 10:
==2788== Invalid free() / delete / delete[] / realloc()
==2788==    at 0x4C30D3B: free (in /usr/lib/valgrind/vgpreload_memcheck-amd64-linux.so)
==2788==    by 0x10B6CC: free_cmd (simplesh.c:1105)
==2788==    by 0x10BADF: main (simplesh.c:1243)
==2788==  Address 0x56cf880 is 0 bytes inside a block of size 48 free'd
==2788==    at 0x4C30D3B: free (in /usr/lib/valgrind/vgpreload_memcheck-amd64-linux.so)
==2788==    by 0x10B796: free_cmd (simplesh.c:1138)
==2788==    by 0x10B69C: free_cmd (simplesh.c:1101)
==2788==    by 0x10BADF: main (simplesh.c:1243)
==2788==  Block was alloc'd at
==2788==    at 0x4C2FB0F: malloc (in /usr/lib/valgrind/vgpreload_memcheck-amd64-linux.so)
==2788==    by 0x10960F: redrcmd (simplesh.c:257)
==2788==    by 0x10A1AB: parse_redr (simplesh.c:679)
==2788==    by 0x109EE4: parse_exec (simplesh.c:604)
==2788==    by 0x109CDD: parse_pipe (simplesh.c:538)
==2788==    by 0x109B81: parse_line (simplesh.c:499)
==2788==    by 0x109AD8: parse_cmd (simplesh.c:473)
==2788==    by 0x10BA66: main (simplesh.c:1229)
==2788== 
==2788== 
==2788== 1 errors in context 2 of 10:
==2788== Invalid free() / delete / delete[] / realloc()
==2788==    at 0x4C30D3B: free (in /usr/lib/valgrind/vgpreload_memcheck-amd64-linux.so)
==2788==    by 0x10B6BC: free_cmd (simplesh.c:1104)
==2788==    by 0x10BADF: main (simplesh.c:1243)
==2788==  Address 0x56cff60 is 0 bytes inside a block of size 24 free'd
==2788==    at 0x4C30D3B: free (in /usr/lib/valgrind/vgpreload_memcheck-amd64-linux.so)
==2788==    by 0x10B796: free_cmd (simplesh.c:1138)
==2788==    by 0x10B6AC: free_cmd (simplesh.c:1102)
==2788==    by 0x10BADF: main (simplesh.c:1243)
==2788==  Block was alloc'd at
==2788==    at 0x4C2FB0F: malloc (in /usr/lib/valgrind/vgpreload_memcheck-amd64-linux.so)
==2788==    by 0x10972B: listcmd (simplesh.c:297)
==2788==    by 0x109CB0: parse_line (simplesh.c:521)
==2788==    by 0x109C9E: parse_line (simplesh.c:521)
==2788==    by 0x109AD8: parse_cmd (simplesh.c:473)
==2788==    by 0x10BA66: main (simplesh.c:1229)
==2788== 
==2788== 
==2788== 1 errors in context 3 of 10:
==2788== Invalid free() / delete / delete[] / realloc()
==2788==    at 0x4C30D3B: free (in /usr/lib/valgrind/vgpreload_memcheck-amd64-linux.so)
==2788==    by 0x10B6CC: free_cmd (simplesh.c:1105)
==2788==    by 0x10B6AC: free_cmd (simplesh.c:1102)
==2788==    by 0x10BADF: main (simplesh.c:1243)
==2788==  Address 0x56cfa40 is 0 bytes inside a block of size 48 free'd
==2788==    at 0x4C30D3B: free (in /usr/lib/valgrind/vgpreload_memcheck-amd64-linux.so)
==2788==    by 0x10B796: free_cmd (simplesh.c:1138)
==2788==    by 0x10B69C: free_cmd (simplesh.c:1101)
==2788==    by 0x10B6AC: free_cmd (simplesh.c:1102)
==2788==    by 0x10BADF: main (simplesh.c:1243)
==2788==  Block was alloc'd at
==2788==    at 0x4C2FB0F: malloc (in /usr/lib/valgrind/vgpreload_memcheck-amd64-linux.so)
==2788==    by 0x10960F: redrcmd (simplesh.c:257)
==2788==    by 0x10A1D6: parse_redr (simplesh.c:682)
==2788==    by 0x109EE4: parse_exec (simplesh.c:604)
==2788==    by 0x109CDD: parse_pipe (simplesh.c:538)
==2788==    by 0x109B81: parse_line (simplesh.c:499)
==2788==    by 0x109C9E: parse_line (simplesh.c:521)
==2788==    by 0x109AD8: parse_cmd (simplesh.c:473)
==2788==    by 0x10BA66: main (simplesh.c:1229)
==2788== 
==2788== 
==2788== 1 errors in context 4 of 10:
==2788== Invalid free() / delete / delete[] / realloc()
==2788==    at 0x4C30D3B: free (in /usr/lib/valgrind/vgpreload_memcheck-amd64-linux.so)
==2788==    by 0x10B6BC: free_cmd (simplesh.c:1104)
==2788==    by 0x10B6AC: free_cmd (simplesh.c:1102)
==2788==    by 0x10BADF: main (simplesh.c:1243)
==2788==  Address 0x56cff00 is 0 bytes inside a block of size 24 free'd
==2788==    at 0x4C30D3B: free (in /usr/lib/valgrind/vgpreload_memcheck-amd64-linux.so)
==2788==    by 0x10B796: free_cmd (simplesh.c:1138)
==2788==    by 0x10B6AC: free_cmd (simplesh.c:1102)
==2788==    by 0x10B6AC: free_cmd (simplesh.c:1102)
==2788==    by 0x10BADF: main (simplesh.c:1243)
==2788==  Block was alloc'd at
==2788==    at 0x4C2FB0F: malloc (in /usr/lib/valgrind/vgpreload_memcheck-amd64-linux.so)
==2788==    by 0x10972B: listcmd (simplesh.c:297)
==2788==    by 0x109CB0: parse_line (simplesh.c:521)
==2788==    by 0x109C9E: parse_line (simplesh.c:521)
==2788==    by 0x109C9E: parse_line (simplesh.c:521)
==2788==    by 0x109AD8: parse_cmd (simplesh.c:473)
==2788==    by 0x10BA66: main (simplesh.c:1229)
==2788== 
==2788== 
==2788== 1 errors in context 5 of 10:
==2788== Invalid free() / delete / delete[] / realloc()
==2788==    at 0x4C30D3B: free (in /usr/lib/valgrind/vgpreload_memcheck-amd64-linux.so)
==2788==    by 0x10B6CC: free_cmd (simplesh.c:1105)
==2788==    by 0x10B6AC: free_cmd (simplesh.c:1102)
==2788==    by 0x10B6AC: free_cmd (simplesh.c:1102)
==2788==    by 0x10BADF: main (simplesh.c:1243)
==2788==  Address 0x56cfab0 is 0 bytes inside a block of size 272 free'd
==2788==    at 0x4C30D3B: free (in /usr/lib/valgrind/vgpreload_memcheck-amd64-linux.so)
==2788==    by 0x10B796: free_cmd (simplesh.c:1138)
==2788==    by 0x10B69C: free_cmd (simplesh.c:1101)
==2788==    by 0x10B6AC: free_cmd (simplesh.c:1102)
==2788==    by 0x10B6AC: free_cmd (simplesh.c:1102)
==2788==    by 0x10BADF: main (simplesh.c:1243)
==2788==  Block was alloc'd at
==2788==    at 0x4C2FB0F: malloc (in /usr/lib/valgrind/vgpreload_memcheck-amd64-linux.so)
==2788==    by 0x10959F: execcmd (simplesh.c:239)
==2788==    by 0x109DFE: parse_exec (simplesh.c:576)
==2788==    by 0x109CDD: parse_pipe (simplesh.c:538)
==2788==    by 0x109B81: parse_line (simplesh.c:499)
==2788==    by 0x109C9E: parse_line (simplesh.c:521)
==2788==    by 0x109C9E: parse_line (simplesh.c:521)
==2788==    by 0x109AD8: parse_cmd (simplesh.c:473)
==2788==    by 0x10BA66: main (simplesh.c:1229)
==2788== 
==2788== 
==2788== 1 errors in context 6 of 10:
==2788== Invalid free() / delete / delete[] / realloc()
==2788==    at 0x4C30D3B: free (in /usr/lib/valgrind/vgpreload_memcheck-amd64-linux.so)
==2788==    by 0x10B6BC: free_cmd (simplesh.c:1104)
==2788==    by 0x10B6AC: free_cmd (simplesh.c:1102)
==2788==    by 0x10B6AC: free_cmd (simplesh.c:1102)
==2788==    by 0x10BADF: main (simplesh.c:1243)
==2788==  Address 0x56cfea0 is 0 bytes inside a block of size 24 free'd
==2788==    at 0x4C30D3B: free (in /usr/lib/valgrind/vgpreload_memcheck-amd64-linux.so)
==2788==    by 0x10B796: free_cmd (simplesh.c:1138)
==2788==    by 0x10B6AC: free_cmd (simplesh.c:1102)
==2788==    by 0x10B6AC: free_cmd (simplesh.c:1102)
==2788==    by 0x10B6AC: free_cmd (simplesh.c:1102)
==2788==    by 0x10BADF: main (simplesh.c:1243)
==2788==  Block was alloc'd at
==2788==    at 0x4C2FB0F: malloc (in /usr/lib/valgrind/vgpreload_memcheck-amd64-linux.so)
==2788==    by 0x1096B2: pipecmd (simplesh.c:279)
==2788==    by 0x109D9A: parse_pipe (simplesh.c:550)
==2788==    by 0x109B81: parse_line (simplesh.c:499)
==2788==    by 0x109C9E: parse_line (simplesh.c:521)
==2788==    by 0x109C9E: parse_line (simplesh.c:521)
==2788==    by 0x109C9E: parse_line (simplesh.c:521)
==2788==    by 0x109AD8: parse_cmd (simplesh.c:473)
==2788==    by 0x10BA66: main (simplesh.c:1229)
==2788== 
==2788== 
==2788== 1 errors in context 7 of 10:
==2788== Invalid free() / delete / delete[] / realloc()
==2788==    at 0x4C30D3B: free (in /usr/lib/valgrind/vgpreload_memcheck-amd64-linux.so)
==2788==    by 0x10B719: free_cmd (simplesh.c:1115)
==2788==    by 0x10B6AC: free_cmd (simplesh.c:1102)
==2788==    by 0x10B6AC: free_cmd (simplesh.c:1102)
==2788==    by 0x10B6AC: free_cmd (simplesh.c:1102)
==2788==    by 0x10BADF: main (simplesh.c:1243)
==2788==  Address 0x56cfc00 is 0 bytes inside a block of size 272 free'd
==2788==    at 0x4C30D3B: free (in /usr/lib/valgrind/vgpreload_memcheck-amd64-linux.so)
==2788==    by 0x10B796: free_cmd (simplesh.c:1138)
==2788==    by 0x10B6E9: free_cmd (simplesh.c:1111)
==2788==    by 0x10B6AC: free_cmd (simplesh.c:1102)
==2788==    by 0x10B6AC: free_cmd (simplesh.c:1102)
==2788==    by 0x10B6AC: free_cmd (simplesh.c:1102)
==2788==    by 0x10BADF: main (simplesh.c:1243)
==2788==  Block was alloc'd at
==2788==    at 0x4C2FB0F: malloc (in /usr/lib/valgrind/vgpreload_memcheck-amd64-linux.so)
==2788==    by 0x10959F: execcmd (simplesh.c:239)
==2788==    by 0x109DFE: parse_exec (simplesh.c:576)
==2788==    by 0x109CDD: parse_pipe (simplesh.c:538)
==2788==    by 0x109B81: parse_line (simplesh.c:499)
==2788==    by 0x109C9E: parse_line (simplesh.c:521)
==2788==    by 0x109C9E: parse_line (simplesh.c:521)
==2788==    by 0x109C9E: parse_line (simplesh.c:521)
==2788==    by 0x109AD8: parse_cmd (simplesh.c:473)
==2788==    by 0x10BA66: main (simplesh.c:1229)
==2788== 
==2788== 
==2788== 1 errors in context 8 of 10:
==2788== Invalid free() / delete / delete[] / realloc()
==2788==    at 0x4C30D3B: free (in /usr/lib/valgrind/vgpreload_memcheck-amd64-linux.so)
==2788==    by 0x10B709: free_cmd (simplesh.c:1114)
==2788==    by 0x10B6AC: free_cmd (simplesh.c:1102)
==2788==    by 0x10B6AC: free_cmd (simplesh.c:1102)
==2788==    by 0x10B6AC: free_cmd (simplesh.c:1102)
==2788==    by 0x10BADF: main (simplesh.c:1243)
==2788==  Address 0x56cfd50 is 0 bytes inside a block of size 272 free'd
==2788==    at 0x4C30D3B: free (in /usr/lib/valgrind/vgpreload_memcheck-amd64-linux.so)
==2788==    by 0x10B796: free_cmd (simplesh.c:1138)
==2788==    by 0x10B6F9: free_cmd (simplesh.c:1112)
==2788==    by 0x10B6AC: free_cmd (simplesh.c:1102)
==2788==    by 0x10B6AC: free_cmd (simplesh.c:1102)
==2788==    by 0x10B6AC: free_cmd (simplesh.c:1102)
==2788==    by 0x10BADF: main (simplesh.c:1243)
==2788==  Block was alloc'd at
==2788==    at 0x4C2FB0F: malloc (in /usr/lib/valgrind/vgpreload_memcheck-amd64-linux.so)
==2788==    by 0x10959F: execcmd (simplesh.c:239)
==2788==    by 0x109DFE: parse_exec (simplesh.c:576)
==2788==    by 0x109CDD: parse_pipe (simplesh.c:538)
==2788==    by 0x109D88: parse_pipe (simplesh.c:550)
==2788==    by 0x109B81: parse_line (simplesh.c:499)
==2788==    by 0x109C9E: parse_line (simplesh.c:521)
==2788==    by 0x109C9E: parse_line (simplesh.c:521)
==2788==    by 0x109C9E: parse_line (simplesh.c:521)
==2788==    by 0x109AD8: parse_cmd (simplesh.c:473)
==2788==    by 0x10BA66: main (simplesh.c:1229)
==2788== 
==2788== 
==2788== 1 errors in context 9 of 10:
==2788== Invalid free() / delete / delete[] / realloc()
==2788==    at 0x4C30D3B: free (in /usr/lib/valgrind/vgpreload_memcheck-amd64-linux.so)
==2788==    by 0x10B67F: free_cmd (simplesh.c:1095)
==2788==    by 0x10B69C: free_cmd (simplesh.c:1101)
==2788==    by 0x10B6AC: free_cmd (simplesh.c:1102)
==2788==    by 0x10BADF: main (simplesh.c:1243)
==2788==  Address 0x56cf8f0 is 0 bytes inside a block of size 272 free'd
==2788==    at 0x4C30D3B: free (in /usr/lib/valgrind/vgpreload_memcheck-amd64-linux.so)
==2788==    by 0x10B796: free_cmd (simplesh.c:1138)
==2788==    by 0x10B66F: free_cmd (simplesh.c:1093)
==2788==    by 0x10B69C: free_cmd (simplesh.c:1101)
==2788==    by 0x10B6AC: free_cmd (simplesh.c:1102)
==2788==    by 0x10BADF: main (simplesh.c:1243)
==2788==  Block was alloc'd at
==2788==    at 0x4C2FB0F: malloc (in /usr/lib/valgrind/vgpreload_memcheck-amd64-linux.so)
==2788==    by 0x10959F: execcmd (simplesh.c:239)
==2788==    by 0x109DFE: parse_exec (simplesh.c:576)
==2788==    by 0x109CDD: parse_pipe (simplesh.c:538)
==2788==    by 0x109B81: parse_line (simplesh.c:499)
==2788==    by 0x109C9E: parse_line (simplesh.c:521)
==2788==    by 0x109AD8: parse_cmd (simplesh.c:473)
==2788==    by 0x10BA66: main (simplesh.c:1229)
==2788== 
==2788== 
==2788== 1 errors in context 10 of 10:
==2788== Invalid free() / delete / delete[] / realloc()
==2788==    at 0x4C30D3B: free (in /usr/lib/valgrind/vgpreload_memcheck-amd64-linux.so)
==2788==    by 0x10B67F: free_cmd (simplesh.c:1095)
==2788==    by 0x10B69C: free_cmd (simplesh.c:1101)
==2788==    by 0x10BADF: main (simplesh.c:1243)
==2788==  Address 0x56cf730 is 0 bytes inside a block of size 272 free'd
==2788==    at 0x4C30D3B: free (in /usr/lib/valgrind/vgpreload_memcheck-amd64-linux.so)
==2788==    by 0x10B796: free_cmd (simplesh.c:1138)
==2788==    by 0x10B66F: free_cmd (simplesh.c:1093)
==2788==    by 0x10B69C: free_cmd (simplesh.c:1101)
==2788==    by 0x10BADF: main (simplesh.c:1243)
==2788==  Block was alloc'd at
==2788==    at 0x4C2FB0F: malloc (in /usr/lib/valgrind/vgpreload_memcheck-amd64-linux.so)
==2788==    by 0x10959F: execcmd (simplesh.c:239)
==2788==    by 0x109DFE: parse_exec (simplesh.c:576)
==2788==    by 0x109CDD: parse_pipe (simplesh.c:538)
==2788==    by 0x109B81: parse_line (simplesh.c:499)
==2788==    by 0x109AD8: parse_cmd (simplesh.c:473)
==2788==    by 0x10BA66: main (simplesh.c:1229)
==2788== 
--2788-- 
--2788-- used_suppression:     46 libreadline libreadline.supp:2 suppressed: 135,146 bytes in 256 blocks
==2788== 
==2788== ERROR SUMMARY: 10 errors from 10 contexts (suppressed: 0 from 0)
